INFO 2025-07-30 00:08:45,830 autoreload 18956 18948 Watching for file changes with StatReloader
WARNING 2025-07-30 00:08:53,911 log 18956 5404 Not Found: /
WARNING 2025-07-30 00:08:53,911 basehttp 18956 5404 "GET / HTTP/1.1" 404 2172
WARNING 2025-07-30 00:08:54,008 log 18956 5404 Not Found: /favicon.ico
WARNING 2025-07-30 00:08:54,009 basehttp 18956 5404 "GET /favicon.ico HTTP/1.1" 404 2223
WARNING 2025-07-30 00:09:05,280 log 18956 5404 Not Found: /api
WARNING 2025-07-30 00:09:05,281 basehttp 18956 5404 "GET /api HTTP/1.1" 404 2199
WARNING 2025-07-30 00:09:10,290 log 18956 5404 Not Found: /api/
WARNING 2025-07-30 00:09:10,291 basehttp 18956 5404 "GET /api/ HTTP/1.1" 404 2468
ERROR 2025-07-30 00:09:34,248 log 18956 8040 Internal Server Error: /api/submit-contact/
Traceback (most recent call last):
  File "E:\Biochar\biochar\venv\Lib\site-packages\django\db\backends\utils.py", line 89, in _execute
    return self.cursor.execute(sql, params)
           ^^^^^^^^^^^^^^^^^^^^^^^^^^^^^^^^
psycopg2.errors.UndefinedTable: relation "cache_table" does not exist
LINE 1: SELECT "cache_key", "value", "expires" FROM "cache_table" WH...
                                                    ^


The above exception was the direct cause of the following exception:

Traceback (most recent call last):
  File "E:\Biochar\biochar\venv\Lib\site-packages\django\core\handlers\exception.py", line 55, in inner
    response = get_response(request)
               ^^^^^^^^^^^^^^^^^^^^^
  File "E:\Biochar\biochar\venv\Lib\site-packages\django\core\handlers\base.py", line 197, in _get_response
    response = wrapped_callback(request, *callback_args, **callback_kwargs)
               ^^^^^^^^^^^^^^^^^^^^^^^^^^^^^^^^^^^^^^^^^^^^^^^^^^^^^^^^^^^^
  File "E:\Biochar\biochar\venv\Lib\site-packages\django\views\decorators\csrf.py", line 56, in wrapper_view
    return view_func(*args, **kwargs)
           ^^^^^^^^^^^^^^^^^^^^^^^^^^
  File "E:\Biochar\biochar\venv\Lib\site-packages\django\views\generic\base.py", line 104, in view
    return self.dispatch(request, *args, **kwargs)
           ^^^^^^^^^^^^^^^^^^^^^^^^^^^^^^^^^^^^^^^
  File "E:\Biochar\biochar\venv\Lib\site-packages\rest_framework\views.py", line 509, in dispatch
    response = self.handle_exception(exc)
               ^^^^^^^^^^^^^^^^^^^^^^^^^^
  File "E:\Biochar\biochar\venv\Lib\site-packages\rest_framework\views.py", line 469, in handle_exception
    self.raise_uncaught_exception(exc)
  File "E:\Biochar\biochar\venv\Lib\site-packages\rest_framework\views.py", line 480, in raise_uncaught_exception
    raise exc
  File "E:\Biochar\biochar\venv\Lib\site-packages\rest_framework\views.py", line 497, in dispatch
    self.initial(request, *args, **kwargs)
  File "E:\Biochar\biochar\venv\Lib\site-packages\rest_framework\views.py", line 416, in initial
    self.check_throttles(request)
  File "E:\Biochar\biochar\venv\Lib\site-packages\rest_framework\views.py", line 359, in check_throttles
    if not throttle.allow_request(request, self):
           ^^^^^^^^^^^^^^^^^^^^^^^^^^^^^^^^^^^^^
  File "E:\Biochar\biochar\venv\Lib\site-packages\rest_framework\throttling.py", line 123, in allow_request
    self.history = self.cache.get(self.key, [])
                   ^^^^^^^^^^^^^^^^^^^^^^^^^^^^
  File "E:\Biochar\biochar\venv\Lib\site-packages\django\core\cache\backends\db.py", line 52, in get
    return self.get_many([key], version).get(key, default)
           ^^^^^^^^^^^^^^^^^^^^^^^^^^^^^
  File "E:\Biochar\biochar\venv\Lib\site-packages\django\core\cache\backends\db.py", line 68, in get_many
    cursor.execute(
  File "E:\Biochar\biochar\venv\Lib\site-packages\django\db\backends\utils.py", line 102, in execute
    return super().execute(sql, params)
           ^^^^^^^^^^^^^^^^^^^^^^^^^^^^
  File "E:\Biochar\biochar\venv\Lib\site-packages\django\db\backends\utils.py", line 67, in execute
    return self._execute_with_wrappers(
           ^^^^^^^^^^^^^^^^^^^^^^^^^^^^
  File "E:\Biochar\biochar\venv\Lib\site-packages\django\db\backends\utils.py", line 80, in _execute_with_wrappers
    return executor(sql, params, many, context)
           ^^^^^^^^^^^^^^^^^^^^^^^^^^^^^^^^^^^^
  File "E:\Biochar\biochar\venv\Lib\site-packages\django\db\backends\utils.py", line 84, in _execute
    with self.db.wrap_database_errors:
         ^^^^^^^^^^^^^^^^^^^^^^^^^^^^
  File "E:\Biochar\biochar\venv\Lib\site-packages\django\db\utils.py", line 91, in __exit__
    raise dj_exc_value.with_traceback(traceback) from exc_value
  File "E:\Biochar\biochar\venv\Lib\site-packages\django\db\backends\utils.py", line 89, in _execute
    return self.cursor.execute(sql, params)
           ^^^^^^^^^^^^^^^^^^^^^^^^^^^^^^^^
django.db.utils.ProgrammingError: relation "cache_table" does not exist
LINE 1: SELECT "cache_key", "value", "expires" FROM "cache_table" WH...
                                                    ^

ERROR 2025-07-30 00:09:34,251 basehttp 18956 8040 "POST /api/submit-contact/ HTTP/1.1" 500 150255
ERROR 2025-07-30 00:09:39,920 log 18956 14220 Internal Server Error: /api/submit-contact/
Traceback (most recent call last):
  File "E:\Biochar\biochar\venv\Lib\site-packages\django\db\backends\utils.py", line 89, in _execute
    return self.cursor.execute(sql, params)
           ^^^^^^^^^^^^^^^^^^^^^^^^^^^^^^^^
psycopg2.errors.UndefinedTable: relation "cache_table" does not exist
LINE 1: SELECT "cache_key", "value", "expires" FROM "cache_table" WH...
                                                    ^


The above exception was the direct cause of the following exception:

Traceback (most recent call last):
  File "E:\Biochar\biochar\venv\Lib\site-packages\django\core\handlers\exception.py", line 55, in inner
    response = get_response(request)
               ^^^^^^^^^^^^^^^^^^^^^
  File "E:\Biochar\biochar\venv\Lib\site-packages\django\core\handlers\base.py", line 197, in _get_response
    response = wrapped_callback(request, *callback_args, **callback_kwargs)
               ^^^^^^^^^^^^^^^^^^^^^^^^^^^^^^^^^^^^^^^^^^^^^^^^^^^^^^^^^^^^
  File "E:\Biochar\biochar\venv\Lib\site-packages\django\views\decorators\csrf.py", line 56, in wrapper_view
    return view_func(*args, **kwargs)
           ^^^^^^^^^^^^^^^^^^^^^^^^^^
  File "E:\Biochar\biochar\venv\Lib\site-packages\django\views\generic\base.py", line 104, in view
    return self.dispatch(request, *args, **kwargs)
           ^^^^^^^^^^^^^^^^^^^^^^^^^^^^^^^^^^^^^^^
  File "E:\Biochar\biochar\venv\Lib\site-packages\rest_framework\views.py", line 509, in dispatch
    response = self.handle_exception(exc)
               ^^^^^^^^^^^^^^^^^^^^^^^^^^
  File "E:\Biochar\biochar\venv\Lib\site-packages\rest_framework\views.py", line 469, in handle_exception
    self.raise_uncaught_exception(exc)
  File "E:\Biochar\biochar\venv\Lib\site-packages\rest_framework\views.py", line 480, in raise_uncaught_exception
    raise exc
  File "E:\Biochar\biochar\venv\Lib\site-packages\rest_framework\views.py", line 497, in dispatch
    self.initial(request, *args, **kwargs)
  File "E:\Biochar\biochar\venv\Lib\site-packages\rest_framework\views.py", line 416, in initial
    self.check_throttles(request)
  File "E:\Biochar\biochar\venv\Lib\site-packages\rest_framework\views.py", line 359, in check_throttles
    if not throttle.allow_request(request, self):
           ^^^^^^^^^^^^^^^^^^^^^^^^^^^^^^^^^^^^^
  File "E:\Biochar\biochar\venv\Lib\site-packages\rest_framework\throttling.py", line 123, in allow_request
    self.history = self.cache.get(self.key, [])
                   ^^^^^^^^^^^^^^^^^^^^^^^^^^^^
  File "E:\Biochar\biochar\venv\Lib\site-packages\django\core\cache\backends\db.py", line 52, in get
    return self.get_many([key], version).get(key, default)
           ^^^^^^^^^^^^^^^^^^^^^^^^^^^^^
  File "E:\Biochar\biochar\venv\Lib\site-packages\django\core\cache\backends\db.py", line 68, in get_many
    cursor.execute(
  File "E:\Biochar\biochar\venv\Lib\site-packages\django\db\backends\utils.py", line 102, in execute
    return super().execute(sql, params)
           ^^^^^^^^^^^^^^^^^^^^^^^^^^^^
  File "E:\Biochar\biochar\venv\Lib\site-packages\django\db\backends\utils.py", line 67, in execute
    return self._execute_with_wrappers(
           ^^^^^^^^^^^^^^^^^^^^^^^^^^^^
  File "E:\Biochar\biochar\venv\Lib\site-packages\django\db\backends\utils.py", line 80, in _execute_with_wrappers
    return executor(sql, params, many, context)
           ^^^^^^^^^^^^^^^^^^^^^^^^^^^^^^^^^^^^
  File "E:\Biochar\biochar\venv\Lib\site-packages\django\db\backends\utils.py", line 84, in _execute
    with self.db.wrap_database_errors:
         ^^^^^^^^^^^^^^^^^^^^^^^^^^^^
  File "E:\Biochar\biochar\venv\Lib\site-packages\django\db\utils.py", line 91, in __exit__
    raise dj_exc_value.with_traceback(traceback) from exc_value
  File "E:\Biochar\biochar\venv\Lib\site-packages\django\db\backends\utils.py", line 89, in _execute
    return self.cursor.execute(sql, params)
           ^^^^^^^^^^^^^^^^^^^^^^^^^^^^^^^^
django.db.utils.ProgrammingError: relation "cache_table" does not exist
LINE 1: SELECT "cache_key", "value", "expires" FROM "cache_table" WH...
                                                    ^

ERROR 2025-07-30 00:09:39,921 basehttp 18956 14220 "POST /api/submit-contact/ HTTP/1.1" 500 150255
INFO 2025-07-30 00:10:12,837 basehttp 18956 5404 "GET /admin HTTP/1.1" 301 0
INFO 2025-07-30 00:10:12,923 basehttp 18956 12360 "GET /admin/ HTTP/1.1" 302 0
INFO 2025-07-30 00:10:13,045 basehttp 18956 12360 "GET /admin/login/?next=/admin/ HTTP/1.1" 200 4181
INFO 2025-07-30 00:10:13,219 basehttp 18956 12360 "GET /static/admin/css/base.css HTTP/1.1" 200 21207
INFO 2025-07-30 00:10:13,224 basehttp 18956 5636 "GET /static/admin/css/login.css HTTP/1.1" 200 958
INFO 2025-07-30 00:10:13,225 basehttp 18956 14720 "GET /static/admin/css/nav_sidebar.css HTTP/1.1" 200 2694
INFO 2025-07-30 00:10:13,225 basehttp 18956 6184 "GET /static/admin/css/dark_mode.css HTTP/1.1" 200 2929
INFO 2025-07-30 00:10:13,226 basehttp 18956 19384 "GET /static/admin/css/responsive.css HTTP/1.1" 200 18533
INFO 2025-07-30 00:10:13,246 basehttp 18956 19384 "GET /static/admin/js/theme.js HTTP/1.1" 200 1943
INFO 2025-07-30 00:10:13,249 basehttp 18956 6184 "GET /static/admin/js/nav_sidebar.js HTTP/1.1" 200 3063
INFO 2025-07-30 00:10:22,477 basehttp 18956 6184 "POST /admin/login/?next=/admin/ HTTP/1.1" 302 0
INFO 2025-07-30 00:10:22,580 basehttp 18956 6184 "GET /admin/ HTTP/1.1" 200 5558
INFO 2025-07-30 00:10:22,611 basehttp 18956 6184 "GET /static/admin/css/dashboard.css HTTP/1.1" 200 441
INFO 2025-07-30 00:10:22,612 basehttp 18956 14720 "GET /static/admin/img/icon-changelink.svg HTTP/1.1" 200 380
INFO 2025-07-30 00:10:22,612 basehttp 18956 19384 "GET /static/admin/img/icon-addlink.svg HTTP/1.1" 200 331
INFO 2025-07-30 00:10:26,722 basehttp 18956 19384 "GET /admin/auth/user/ HTTP/1.1" 200 10443
INFO 2025-07-30 00:10:26,751 basehttp 18956 19384 "GET /static/admin/css/changelists.css HTTP/1.1" 200 6566
INFO 2025-07-30 00:10:26,763 basehttp 18956 5636 "GET /static/admin/js/jquery.init.js HTTP/1.1" 200 347
INFO 2025-07-30 00:10:26,783 basehttp 18956 5636 "GET /static/admin/js/urlify.js HTTP/1.1" 200 7887
INFO 2025-07-30 00:10:26,783 basehttp 18956 5660 "GET /static/admin/js/admin/RelatedObjectLookups.js HTTP/1.1" 200 8943
INFO 2025-07-30 00:10:26,787 basehttp 18956 12360 "GET /static/admin/js/core.js HTTP/1.1" 200 5682
INFO 2025-07-30 00:10:26,789 basehttp 18956 19384 "GET /static/admin/js/actions.js HTTP/1.1" 200 7872
INFO 2025-07-30 00:10:26,797 basehttp 18956 14720 "GET /admin/jsi18n/ HTTP/1.1" 200 3343
INFO 2025-07-30 00:10:26,801 basehttp 18956 5660 "GET /static/admin/js/prepopulate.js HTTP/1.1" 200 1531
INFO 2025-07-30 00:10:26,814 basehttp 18956 5660 "GET /static/admin/img/search.svg HTTP/1.1" 200 458
INFO 2025-07-30 00:10:26,814 basehttp 18956 14720 "GET /static/admin/img/icon-yes.svg HTTP/1.1" 200 436
INFO 2025-07-30 00:10:26,816 basehttp 18956 6184 "GET /static/admin/js/vendor/jquery/jquery.js HTTP/1.1" 200 292458
INFO 2025-07-30 00:10:26,833 basehttp 18956 6184 "GET /static/admin/js/filters.js HTTP/1.1" 200 978
INFO 2025-07-30 00:10:26,840 basehttp 18956 5636 "GET /static/admin/js/vendor/xregexp/xregexp.js HTTP/1.1" 200 232381
INFO 2025-07-30 00:10:26,857 basehttp 18956 5636 "GET /static/admin/img/tooltag-add.svg HTTP/1.1" 200 331
INFO 2025-07-30 00:10:26,858 basehttp 18956 6184 "GET /static/admin/img/sorting-icons.svg HTTP/1.1" 200 1097
INFO 2025-07-30 00:10:29,492 basehttp 18956 6184 "GET /admin/auth/group/ HTTP/1.1" 200 7253
INFO 2025-07-30 00:10:29,551 basehttp 18956 6184 "GET /admin/jsi18n/ HTTP/1.1" 200 3343
INFO 2025-07-30 00:10:57,285 autoreload 18956 18948 E:\Biochar\biochar\apps\carbon_api\admin.py changed, reloading.
INFO 2025-07-30 00:10:57,945 autoreload 13952 14036 Watching for file changes with StatReloader
INFO 2025-07-30 00:11:01,744 basehttp 13952 19368 "GET /admin/auth/group/ HTTP/1.1" 200 7816
INFO 2025-07-30 00:11:01,904 basehttp 13952 19368 "GET /admin/jsi18n/ HTTP/1.1" 200 3343
INFO 2025-07-30 00:11:04,215 basehttp 13952 19368 "GET /admin/carbon_api/contactform/ HTTP/1.1" 200 8766
INFO 2025-07-30 00:11:04,275 basehttp 13952 19368 "GET /admin/jsi18n/ HTTP/1.1" 200 3343
INFO 2025-07-30 00:11:07,592 basehttp 13952 19368 "GET /admin/carbon_api/contactform/add/ HTTP/1.1" 200 11437
INFO 2025-07-30 00:11:07,654 basehttp 13952 18308 "GET /admin/jsi18n/ HTTP/1.1" 200 3343
INFO 2025-07-30 00:11:07,681 basehttp 13952 19368 "GET /static/admin/css/forms.css HTTP/1.1" 200 9047
INFO 2025-07-30 00:11:07,686 basehttp 13952 15164 "GET /static/admin/js/prepopulate_init.js HTTP/1.1" 200 586
INFO 2025-07-30 00:11:07,693 basehttp 13952 18308 "GET /static/admin/css/widgets.css HTTP/1.1" 200 11900
INFO 2025-07-30 00:11:07,695 basehttp 13952 19368 "GET /static/admin/js/change_form.js HTTP/1.1" 200 606
INFO 2025-07-30 00:11:33,227 basehttp 13952 19368 "POST /admin/carbon_api/contactform/add/ HTTP/1.1" 200 11627
INFO 2025-07-30 00:11:33,282 basehttp 13952 19368 "GET /admin/jsi18n/ HTTP/1.1" 200 3343
INFO 2025-07-30 00:12:00,416 basehttp 13952 19368 "POST /admin/carbon_api/contactform/add/ HTTP/1.1" 302 0
INFO 2025-07-30 00:12:00,473 basehttp 13952 19368 "GET /admin/carbon_api/contactform/ HTTP/1.1" 200 11175
INFO 2025-07-30 00:12:00,532 basehttp 13952 19368 "GET /admin/jsi18n/ HTTP/1.1" 200 3343
